<?xml version="1.0" encoding="UTF-8"?>
<testng-results skipped="0" failed="0" total="1" passed="1">
  <reporter-output>
  </reporter-output>
  <suite name="com.meteogrup.infrastructure.ApiRequestHandlerTest" duration-ms="2954" started-at="2017-10-20T10:38:28Z" finished-at="2017-10-20T10:38:31Z">
    <groups>
    </groups>
    <test name="Command line test" duration-ms="2954" started-at="2017-10-20T10:38:28Z" finished-at="2017-10-20T10:38:31Z">
      <class name="com.meteogrup.infrastructure.ApiRequestHandlerTest">
        <test-method status="PASS" signature="setUp()[pri:0, instance:com.meteogrup.infrastructure.ApiRequestHandlerTest@7e0ea639]" name="setUp" is-config="true" duration-ms="189" started-at="2017-10-20T13:38:28Z" finished-at="2017-10-20T13:38:28Z">
          <reporter-output>
          </reporter-output>
        </test-method> <!-- setUp -->
        <test-method status="PASS" signature="test_handleRequest()[pri:0, instance:com.meteogrup.infrastructure.ApiRequestHandlerTest@7e0ea639]" name="test_handleRequest" duration-ms="2757" started-at="2017-10-20T13:38:28Z" finished-at="2017-10-20T13:38:31Z">
          <reporter-output>
          </reporter-output>
        </test-method> <!-- test_handleRequest -->
      </class> <!-- com.meteogrup.infrastructure.ApiRequestHandlerTest -->
    </test> <!-- Command line test -->
  </suite> <!-- com.meteogrup.infrastructure.ApiRequestHandlerTest -->
</testng-results>
